<?xml version="1.0" encoding="UTF-8"?>
<testng-results skipped="0" failed="0" ignored="0" total="2" passed="2">
  <reporter-output>
  </reporter-output>
  <suite name="All Test Suite" duration-ms="71016" started-at="2022-03-16T16:57:04Z" finished-at="2022-03-16T16:58:15Z">
    <groups>
    </groups>
    <test name="Login page" duration-ms="21405" started-at="2022-03-16T16:57:04Z" finished-at="2022-03-16T16:57:25Z">
      <class name="PageFactory.registerPage.UeatLoginPage">
        <test-method status="PASS" signature="setupUrl(java.lang.String)[pri:0, instance:PageFactory.registerPage.UeatLoginPage@6a4f787b]" name="setupUrl" is-config="true" duration-ms="6345" started-at="2022-03-16T16:57:04Z" finished-at="2022-03-16T16:57:10Z">
          <params>
            <param index="0">
              <value>
                <![CDATA[https://staging.ueat.io/]]>
              </value>
            </param>
          </params>
          <reporter-output>
          </reporter-output>
        </test-method> <!-- setupUrl -->
        <test-method status="PASS" signature="verifyLogInPage()[pri:0, instance:PageFactory.registerPage.UeatLoginPage@6a4f787b]" name="verifyLogInPage" duration-ms="14043" started-at="2022-03-16T16:57:10Z" finished-at="2022-03-16T16:57:24Z">
          <reporter-output>
          </reporter-output>
        </test-method> <!-- verifyLogInPage -->
        <test-method status="PASS" signature="testend()[pri:0, instance:PageFactory.registerPage.UeatLoginPage@6a4f787b]" name="testend" is-config="true" duration-ms="982" started-at="2022-03-16T16:57:24Z" finished-at="2022-03-16T16:57:25Z">
          <reporter-output>
          </reporter-output>
        </test-method> <!-- testend -->
      </class> <!-- PageFactory.registerPage.UeatLoginPage -->
    </test> <!-- Login page -->
    <test name="Add Client Page" duration-ms="49584" started-at="2022-03-16T16:57:25Z" finished-at="2022-03-16T16:58:15Z">
      <class name="PageFactory.registerPage.UeatClientPageTest">
        <test-method status="PASS" signature="setupUrl(java.lang.String)[pri:0, instance:PageFactory.registerPage.UeatClientPageTest@402a079c]" name="setupUrl" is-config="true" duration-ms="5949" started-at="2022-03-16T16:57:25Z" finished-at="2022-03-16T16:57:31Z">
          <params>
            <param index="0">
              <value>
                <![CDATA[https://staging.ueat.io/]]>
              </value>
            </param>
          </params>
          <reporter-output>
          </reporter-output>
        </test-method> <!-- setupUrl -->
        <test-method status="PASS" signature="addClientPage()[pri:0, instance:PageFactory.registerPage.UeatClientPageTest@402a079c]" name="addClientPage" duration-ms="42590" started-at="2022-03-16T16:57:31Z" finished-at="2022-03-16T16:58:14Z">
          <reporter-output>
          </reporter-output>
        </test-method> <!-- addClientPage -->
        <test-method status="PASS" signature="testend()[pri:0, instance:PageFactory.registerPage.UeatClientPageTest@402a079c]" name="testend" is-config="true" duration-ms="1041" started-at="2022-03-16T16:58:14Z" finished-at="2022-03-16T16:58:15Z">
          <reporter-output>
          </reporter-output>
        </test-method> <!-- testend -->
      </class> <!-- PageFactory.registerPage.UeatClientPageTest -->
    </test> <!-- Add Client Page -->
  </suite> <!-- All Test Suite -->
</testng-results>
